c:\users\zyf\desktop\zhujie\osg_3dmesh_changed\x64\release\systemutility.obj
c:\users\zyf\desktop\zhujie\osg_3dmesh_changed\x64\release\pickhandler.obj
c:\users\zyf\desktop\zhujie\osg_3dmesh_changed\x64\release\osgviewer.obj
c:\users\zyf\desktop\zhujie\osg_3dmesh_changed\x64\release\mivector3.obj
c:\users\zyf\desktop\zhujie\osg_3dmesh_changed\x64\release\mivector2.obj
c:\users\zyf\desktop\zhujie\osg_3dmesh_changed\x64\release\mipolygon.obj
c:\users\zyf\desktop\zhujie\osg_3dmesh_changed\x64\release\mimath.obj
c:\users\zyf\desktop\zhujie\osg_3dmesh_changed\x64\release\mainwindow.obj
c:\users\zyf\desktop\zhujie\osg_3dmesh_changed\x64\release\main.obj
c:\users\zyf\desktop\zhujie\osg_3dmesh_changed\x64\release\geometrybox.obj
c:\users\zyf\desktop\zhujie\osg_3dmesh_changed\x64\release\moc_mainwindow.obj
c:\users\zyf\desktop\zhujie\osg_3dmesh_changed\x64\release\vc120.pdb
c:\users\zyf\desktop\zhujie\osg_3dmesh_changed\generatedfiles\release\moc_mainwindow.cpp
c:\users\zyf\desktop\zhujie\osg_3dmesh_changed\release\moc_predefs.h
c:\users\zyf\desktop\zhujie\osg_3dmesh_changed\release\3dmeshviewer.exe
c:\users\zyf\desktop\zhujie\osg_3dmesh_changed\x64\release\3dmeshviewer.tlog\cl.command.1.tlog
c:\users\zyf\desktop\zhujie\osg_3dmesh_changed\x64\release\3dmeshviewer.tlog\cl.read.1.tlog
c:\users\zyf\desktop\zhujie\osg_3dmesh_changed\x64\release\3dmeshviewer.tlog\cl.write.1.tlog
c:\users\zyf\desktop\zhujie\osg_3dmesh_changed\x64\release\3dmeshviewer.tlog\custombuild.command.1.tlog
c:\users\zyf\desktop\zhujie\osg_3dmesh_changed\x64\release\3dmeshviewer.tlog\custombuild.read.1.tlog
c:\users\zyf\desktop\zhujie\osg_3dmesh_changed\x64\release\3dmeshviewer.tlog\custombuild.write.1.tlog
c:\users\zyf\desktop\zhujie\osg_3dmesh_changed\x64\release\3dmeshviewer.tlog\link.command.1.tlog
c:\users\zyf\desktop\zhujie\osg_3dmesh_changed\x64\release\3dmeshviewer.tlog\link.read.1.tlog
c:\users\zyf\desktop\zhujie\osg_3dmesh_changed\x64\release\3dmeshviewer.tlog\link.write.1.tlog
