e:\myfiles\homework\projects\code\x64\debug\vc141.pdb
e:\myfiles\homework\projects\code\x64\debug\viewportmoveevent.obj
e:\myfiles\homework\projects\code\x64\debug\systemutility.obj
e:\myfiles\homework\projects\code\x64\debug\screenshoot.obj
e:\myfiles\homework\projects\code\x64\debug\pickhandler.obj
e:\myfiles\homework\projects\code\x64\debug\osgviewer.obj
e:\myfiles\homework\projects\code\x64\debug\mivector3.obj
e:\myfiles\homework\projects\code\x64\debug\mivector2.obj
e:\myfiles\homework\projects\code\x64\debug\mipolygon.obj
e:\myfiles\homework\projects\code\x64\debug\mimath.obj
e:\myfiles\homework\projects\code\x64\debug\mainwindow.obj
e:\myfiles\homework\projects\code\x64\debug\main.obj
e:\myfiles\homework\projects\code\x64\debug\geometrybox.obj
e:\myfiles\homework\projects\code\x64\debug\moc_screenshoot.obj
e:\myfiles\homework\projects\code\x64\debug\moc_mainwindow.obj
e:\myfiles\homework\projects\code\x64\debug\database.obj
e:\myfiles\homework\projects\code\x64\debug\databaseitem.obj
e:\myfiles\homework\projects\code\x64\debug\generatedoc.obj
e:\myfiles\homework\projects\code\x64\debug\sqlite3.obj
e:\myfiles\homework\projects\code\x64\debug\subwindow.obj
e:\myfiles\homework\projects\code\generatedfiles\debug\moc_screenshoot.cpp
e:\myfiles\homework\projects\code\generatedfiles\debug\moc_mainwindow.cpp
e:\myfiles\homework\projects\code\debug\3dmeshviewer.exe
e:\myfiles\homework\projects\code\debug\3dmeshviewer.ilk
e:\myfiles\homework\projects\code\debug\3dmeshviewer.pdb
e:\myfiles\homework\projects\code\x64\debug\3dmeshviewer.tlog\cl.command.1.tlog
e:\myfiles\homework\projects\code\x64\debug\3dmeshviewer.tlog\cl.read.1.tlog
e:\myfiles\homework\projects\code\x64\debug\3dmeshviewer.tlog\cl.write.1.tlog
e:\myfiles\homework\projects\code\x64\debug\3dmeshviewer.tlog\custombuild.command.1.tlog
e:\myfiles\homework\projects\code\x64\debug\3dmeshviewer.tlog\custombuild.read.1.tlog
e:\myfiles\homework\projects\code\x64\debug\3dmeshviewer.tlog\custombuild.write.1.tlog
e:\myfiles\homework\projects\code\x64\debug\3dmeshviewer.tlog\link-cvtres.read.1.tlog
e:\myfiles\homework\projects\code\x64\debug\3dmeshviewer.tlog\link-cvtres.write.1.tlog
e:\myfiles\homework\projects\code\x64\debug\3dmeshviewer.tlog\link-rc.read.1.tlog
e:\myfiles\homework\projects\code\x64\debug\3dmeshviewer.tlog\link-rc.write.1.tlog
e:\myfiles\homework\projects\code\x64\debug\3dmeshviewer.tlog\link.11536-cvtres.read.1.tlog
e:\myfiles\homework\projects\code\x64\debug\3dmeshviewer.tlog\link.11536-cvtres.write.1.tlog
e:\myfiles\homework\projects\code\x64\debug\3dmeshviewer.tlog\link.11536-rc.read.1.tlog
e:\myfiles\homework\projects\code\x64\debug\3dmeshviewer.tlog\link.11536-rc.write.1.tlog
e:\myfiles\homework\projects\code\x64\debug\3dmeshviewer.tlog\link.11536.read.1.tlog
e:\myfiles\homework\projects\code\x64\debug\3dmeshviewer.tlog\link.11536.write.1.tlog
e:\myfiles\homework\projects\code\x64\debug\3dmeshviewer.tlog\link.command.1.tlog
e:\myfiles\homework\projects\code\x64\debug\3dmeshviewer.tlog\link.read.1.tlog
e:\myfiles\homework\projects\code\x64\debug\3dmeshviewer.tlog\link.write.1.tlog
